<?xml version="1.0" encoding="UTF-8"?>
<!-- Generated by org.testng.reporters.JUnitReportReporter -->
<testsuite hostname="NLPULTP4603913" failures="0" tests="1" name="apiInvalidTest.StaticPage_InvaidTest" time="4.026" errors="0" timestamp="2020-03-04T18:38:17 IST" skipped="0">
  <testcase classname="apiInvalidTest.StaticPage_InvaidTest" name="insertJCustomScriptData_HappyPath" time="4.026"/>
</testsuite> <!-- apiInvalidTest.StaticPage_InvaidTest -->
