<?xml version="1.0" encoding="UTF-8"?>
<!-- Generated by org.testng.reporters.JUnitReportReporter -->
<testsuite hostname="NLPULTP4603913" failures="0" tests="5" name="apiHappyPathTest.StaticPage_HappyPathTest" time="5.297" errors="0" timestamp="2020-03-19T17:59:05 IST" skipped="0">
  <testcase classname="apiHappyPathTest.StaticPage_HappyPathTest" name="insertJCustomScriptData_HappyPath" time="1.611"/>
  <testcase classname="apiHappyPathTest.StaticPage_HappyPathTest" name="getAllCustomScriptDataDetails_HappyPath" time="0.598"/>
  <testcase classname="apiHappyPathTest.StaticPage_HappyPathTest" name="searchCustomScriptData_HappyPath" time="0.563"/>
  <testcase classname="apiHappyPathTest.StaticPage_HappyPathTest" name="editCustomScriptData_HappyPath" time="0.638"/>
  <testcase classname="apiHappyPathTest.StaticPage_HappyPathTest" name="deleteCustomScriptData_HappyPath" time="1.887"/>
</testsuite> <!-- apiHappyPathTest.StaticPage_HappyPathTest -->
