<?xml version="1.0" encoding="UTF-8"?>
<!-- Generated by org.testng.reporters.JUnitReportReporter -->
<testsuite hostname="NLPULTP4603913" failures="0" tests="6" name="apiInvalidTest.JenkinsTransactionStore_InvalidTest" time="4.300" errors="0" timestamp="2020-03-19T17:59:05 IST" skipped="0">
  <testcase classname="apiInvalidTest.JenkinsTransactionStore_InvalidTest" name="findAJenkinsTransaction_withbuilIdQueryParamter_InvalidTest" time="0.708"/>
  <testcase classname="apiInvalidTest.JenkinsTransactionStore_InvalidTest" name="findAJenkinsTransaction_withqueueIdQueryParamter_Invalidtest" time="0.715"/>
  <testcase classname="apiInvalidTest.JenkinsTransactionStore_InvalidTest" name="insertJenkinsTransaction_InvalidTest" time="0.675"/>
  <testcase classname="apiInvalidTest.JenkinsTransactionStore_InvalidTest" name="updateCatalog_InvalidTest" time="0.750"/>
  <testcase classname="apiInvalidTest.JenkinsTransactionStore_InvalidTest" name="deleteAJenkinsTransaction_invalidTest" time="0.762"/>
  <testcase classname="apiInvalidTest.JenkinsTransactionStore_InvalidTest" name="cancelAJenkinsTransaction_invalidTest" time="0.690"/>
</testsuite> <!-- apiInvalidTest.JenkinsTransactionStore_InvalidTest -->
