<?xml version="1.0" encoding="UTF-8"?>
<!-- Generated by org.testng.reporters.JUnitReportReporter -->
<testsuite hostname="NLPULTP4603913" failures="0" tests="10" name="apiHappyPathTest.ServiceProvisioning_HappyPathTest" time="18.174" errors="0" timestamp="2020-03-19T17:59:05 IST" skipped="0">
  <testcase classname="apiHappyPathTest.ServiceProvisioning_HappyPathTest" name="createServerRequest_HappyPath" time="0.705"/>
  <testcase classname="apiHappyPathTest.ServiceProvisioning_HappyPathTest" name="createHearingSheets_HappyPath" time="1.510"/>
  <testcase classname="apiHappyPathTest.ServiceProvisioning_HappyPathTest" name="updateServerRequestForm_HappyPath" time="0.648"/>
  <testcase classname="apiHappyPathTest.ServiceProvisioning_HappyPathTest" name="insertServerRequestFormToaHearingSheet_HappyPath" time="0.777"/>
  <testcase classname="apiHappyPathTest.ServiceProvisioning_HappyPathTest" name="linkOrdertoHearingSheet_HappyPath" time="0.518"/>
  <testcase classname="apiHappyPathTest.ServiceProvisioning_HappyPathTest" name="getAllHearingSheets_HappyPath" time="6.690"/>
  <testcase classname="apiHappyPathTest.ServiceProvisioning_HappyPathTest" name="searchHearingSheet_HappyPath" time="1.490"/>
  <testcase classname="apiHappyPathTest.ServiceProvisioning_HappyPathTest" name="getAHearingSheet_HappyPath" time="4.404"/>
  <testcase classname="apiHappyPathTest.ServiceProvisioning_HappyPathTest" name="getOrderForHearingSheet_HappyPath" time="0.612"/>
  <testcase classname="apiHappyPathTest.ServiceProvisioning_HappyPathTest" name="deleteaHearingSheet_HappyPath" time="0.820"/>
</testsuite> <!-- apiHappyPathTest.ServiceProvisioning_HappyPathTest -->
