<?xml version="1.0" encoding="UTF-8"?>
<!-- Generated by org.testng.reporters.JUnitReportReporter -->
<testsuite hostname="NLPULTP4603913" failures="0" tests="1" name="apiInvalidTest.StaticPage_InvalidTest" time="0.431" errors="0" timestamp="2020-03-19T17:59:05 IST" skipped="0">
  <testcase classname="apiInvalidTest.StaticPage_InvalidTest" name="insertJCustomScriptData_HappyPath" time="0.431"/>
</testsuite> <!-- apiInvalidTest.StaticPage_InvalidTest -->
